<?xml version="1.0" encoding="UTF-8"?>
<testng-results skipped="0" failed="0" total="4" passed="4">
  <reporter-output>
  </reporter-output>
  <suite name="TestNG suite" duration-ms="48691" started-at="2017-12-01T06:52:02Z" finished-at="2017-12-01T06:52:50Z">
    <groups>
    </groups>
    <test name="DataDriven test" duration-ms="26571" started-at="2017-12-01T06:52:02Z" finished-at="2017-12-01T06:52:28Z">
      <class name="com.datadrivenframework.NewTours_Registration">
        <test-method status="PASS" signature="setup()[pri:0, instance:com.datadrivenframework.NewTours_Registration@6cc4c815]" name="setup" is-config="true" duration-ms="5829" started-at="2017-12-01T06:52:02Z" finished-at="2017-12-01T06:52:08Z">
          <reporter-output>
          </reporter-output>
        </test-method> <!-- setup -->
        <test-method status="PASS" signature="Register()[pri:1, instance:com.datadrivenframework.NewTours_Registration@6cc4c815]" name="Register" duration-ms="275" started-at="2017-12-01T06:52:08Z" finished-at="2017-12-01T06:52:08Z">
          <reporter-output>
          </reporter-output>
        </test-method> <!-- Register -->
        <test-method status="PASS" signature="Registration()[pri:2, instance:com.datadrivenframework.NewTours_Registration@6cc4c815]" name="Registration" duration-ms="19899" started-at="2017-12-01T06:52:08Z" finished-at="2017-12-01T06:52:28Z">
          <reporter-output>
          </reporter-output>
        </test-method> <!-- Registration -->
        <test-method status="PASS" signature="tearDown()[pri:0, instance:com.datadrivenframework.NewTours_Registration@6cc4c815]" name="tearDown" is-config="true" duration-ms="542" started-at="2017-12-01T06:52:28Z" finished-at="2017-12-01T06:52:28Z">
          <reporter-output>
          </reporter-output>
        </test-method> <!-- tearDown -->
      </class> <!-- com.datadrivenframework.NewTours_Registration -->
    </test> <!-- DataDriven test -->
    <test name="Hybrid test" duration-ms="22072" started-at="2017-12-01T06:52:28Z" finished-at="2017-12-01T06:52:50Z">
      <class name="com.hybridframework.new_tours_registration">
        <test-method status="PASS" signature="setup()[pri:0, instance:com.hybridframework.new_tours_registration@51565ec2]" name="setup" is-config="true" duration-ms="5514" started-at="2017-12-01T06:52:28Z" finished-at="2017-12-01T06:52:34Z">
          <reporter-output>
          </reporter-output>
        </test-method> <!-- setup -->
        <test-method status="PASS" signature="Register()[pri:1, instance:com.hybridframework.new_tours_registration@51565ec2]" name="Register" duration-ms="286" started-at="2017-12-01T06:52:34Z" finished-at="2017-12-01T06:52:34Z">
          <reporter-output>
          </reporter-output>
        </test-method> <!-- Register -->
        <test-method status="PASS" signature="Registration()[pri:2, instance:com.hybridframework.new_tours_registration@51565ec2]" name="Registration" duration-ms="15681" started-at="2017-12-01T06:52:34Z" finished-at="2017-12-01T06:52:50Z">
          <reporter-output>
          </reporter-output>
        </test-method> <!-- Registration -->
        <test-method status="PASS" signature="tearDown()[pri:0, instance:com.hybridframework.new_tours_registration@51565ec2]" name="tearDown" is-config="true" duration-ms="583" started-at="2017-12-01T06:52:50Z" finished-at="2017-12-01T06:52:50Z">
          <reporter-output>
          </reporter-output>
        </test-method> <!-- tearDown -->
      </class> <!-- com.hybridframework.new_tours_registration -->
    </test> <!-- Hybrid test -->
  </suite> <!-- TestNG suite -->
</testng-results>
